\BOOKMARK [0][-]{chapter.1}{\376\377\000C\000l\000a\000s\000i\000f\000i\000c\000a\000c\000i\000\363\000n\000\040\000d\000e\000\040\000R\000e\000s\000e\000\361\000a\000s\000\040\000p\000a\000r\000a\000\040\000l\000a\000\040\000M\000e\000j\000o\000r\000a\000\040\000e\000n\000\040\000l\000a\000\040\000T\000o\000m\000a\000\040\000d\000e\000\040\000D\000e\000c\000i\000s\000i\000o\000n\000e\000s\000\040\000d\000e\000\040\000C\000o\000m\000p\000r\000a\000s\000\040\000e\000n\000\040\000L\000\355\000n\000e\000a}{}% 1
\BOOKMARK [1][-]{section.1.1}{\376\377\000I\000n\000t\000r\000o\000d\000u\000c\000c\000i\000\363\000n}{chapter.1}% 2
\BOOKMARK [1][-]{section.1.2}{\376\377\000D\000e\000s\000c\000r\000i\000p\000c\000i\000\363\000n\000\040\000d\000e\000l\000\040\000T\000e\000m\000a}{chapter.1}% 3
\BOOKMARK [1][-]{section.1.3}{\376\377\000A\000n\000t\000e\000c\000e\000d\000e\000n\000t\000e\000s}{chapter.1}% 4
\BOOKMARK [1][-]{section.1.4}{\376\377\000E\000s\000t\000a\000d\000o\000\040\000d\000e\000l\000\040\000A\000r\000t\000e}{chapter.1}% 5
\BOOKMARK [1][-]{section.1.5}{\376\377\000M\000\351\000t\000o\000d\000o\000s\000\040\000I\000m\000p\000l\000e\000m\000e\000n\000t\000a\000d\000o\000s}{chapter.1}% 6
\BOOKMARK [2][-]{subsection.1.5.1}{\376\377\000A\000n\000\341\000l\000i\000s\000i\000s\000\040\000d\000e\000\040\000S\000e\000n\000t\000i\000m\000i\000e\000n\000t\000o\000s}{section.1.5}% 7
\BOOKMARK [2][-]{subsection.1.5.2}{\376\377\000C\000r\000e\000a\000c\000i\000\363\000n\000\040\000d\000e\000l\000\040\000G\000r\000a\000f\000o\000\040\000d\000e\000\040\000R\000e\000l\000a\000c\000i\000o\000n\000e\000s}{section.1.5}% 8
\BOOKMARK [2][-]{subsection.1.5.3}{\376\377\000P\000a\000g\000e\000R\000a\000n\000k\000\040\000P\000e\000r\000s\000o\000n\000a\000l\000i\000z\000a\000d\000o}{section.1.5}% 9
\BOOKMARK [2][-]{subsection.1.5.4}{\376\377\000R\000a\000n\000g\000o\000\040\000d\000e\000\040\000R\000e\000s\000e\000\361\000a\000s}{section.1.5}% 10
\BOOKMARK [1][-]{section.1.6}{\376\377\000E\000v\000a\000l\000u\000a\000c\000i\000\363\000n\000\040\000d\000e\000l\000\040\000T\000r\000a\000b\000a\000j\000o}{chapter.1}% 11
\BOOKMARK [1][-]{section.1.7}{\376\377\000M\000\351\000t\000r\000i\000c\000a\000s\000\040\000I\000m\000p\000l\000e\000m\000e\000n\000t\000a\000d\000a\000s}{chapter.1}% 12
\BOOKMARK [2][-]{subsection.1.7.1}{\376\377\000D\000i\000v\000e\000r\000s\000i\000d\000a\000d\000\040\000d\000e\000\040\000C\000o\000n\000t\000e\000n\000i\000d\000o\000\040\000\050\000C\000o\000n\000t\000e\000n\000t\000\040\000D\000i\000v\000e\000r\000s\000i\000t\000y\000\051}{section.1.7}% 13
\BOOKMARK [2][-]{subsection.1.7.2}{\376\377\000P\000e\000r\000c\000e\000p\000c\000i\000\363\000n\000\040\000d\000e\000\040\000U\000t\000i\000l\000i\000d\000a\000d\000\040\000\050\000P\000e\000r\000c\000e\000i\000v\000e\000d\000\040\000H\000e\000l\000p\000f\000u\000l\000n\000e\000s\000s\000\051}{section.1.7}% 14
\BOOKMARK [2][-]{subsection.1.7.3}{\376\377\000C\000o\000b\000e\000r\000t\000u\000r\000a\000\040\000T\000e\000m\000p\000o\000r\000a\000l\000\040\000\050\000T\000e\000m\000p\000o\000r\000a\000l\000\040\000C\000o\000v\000e\000r\000a\000g\000e\000\051}{section.1.7}% 15
\BOOKMARK [2][-]{subsection.1.7.4}{\376\377\000C\000o\000b\000e\000r\000t\000u\000r\000a\000\040\000d\000e\000\040\000A\000s\000p\000e\000c\000t\000o\000s\000\040\000\050\000A\000s\000p\000e\000c\000t\000\040\000C\000o\000v\000e\000r\000a\000g\000e\000\051}{section.1.7}% 16
\BOOKMARK [2][-]{subsection.1.7.5}{\376\377\000D\000i\000v\000e\000r\000s\000i\000d\000a\000d\000\040\000d\000e\000\040\000S\000e\000n\000t\000i\000m\000i\000e\000n\000t\000o\000s\000\040\000\050\000S\000e\000n\000t\000i\000m\000e\000n\000t\000\040\000D\000i\000v\000e\000r\000s\000i\000t\000y\000\051}{section.1.7}% 17
\BOOKMARK [2][-]{subsection.1.7.6}{\376\377\000C\000o\000b\000e\000r\000t\000u\000r\000a\000\040\000d\000e\000\040\000C\000a\000l\000i\000f\000i\000c\000a\000c\000i\000\363\000n\000\040\000\050\000R\000a\000t\000i\000n\000g\000\040\000C\000o\000v\000e\000r\000a\000g\000e\000\051}{section.1.7}% 18
\BOOKMARK [2][-]{subsection.1.7.7}{\376\377\000\315\000n\000d\000i\000c\000e\000\040\000d\000e\000\040\000L\000e\000g\000i\000b\000i\000l\000i\000d\000a\000d\000\040\000\050\000R\000e\000a\000d\000a\000b\000i\000l\000i\000t\000y\000\040\000I\000n\000d\000e\000x\000\051}{section.1.7}% 19
\BOOKMARK [1][-]{section.1.8}{\376\377\000L\000i\000m\000i\000t\000a\000c\000i\000o\000n\000e\000s\000\040\000y\000\040\000P\000r\000o\000p\000u\000e\000s\000t\000a\000s\000\040\000d\000e\000\040\000M\000e\000j\000o\000r\000a}{chapter.1}% 20
\BOOKMARK [1][-]{section.1.9}{\376\377\000C\000o\000n\000c\000l\000u\000s\000i\000\363\000n}{chapter.1}% 21
\BOOKMARK [1][-]{section.1.10}{\376\377\000U\000R\000L\000\040\000d\000e\000l\000\040\000P\000r\000o\000y\000e\000c\000t\000o}{chapter.1}% 22
